<?xml version="1.0" encoding="utf-8"?><testsuites name="pytest tests"><testsuite name="pytest" errors="0" failures="0" skipped="0" tests="17" time="3.052" timestamp="2026-04-08T02:28:20.622234+00:00" hostname="agent-env-412446c0-49ff-47f2-a1f3-726796dbfb49"><testcase classname="backend.tests.test_ui_redesign_v2.TestHealthAndBasics" name="test_api_health" time="0.598" /><testcase classname="backend.tests.test_ui_redesign_v2.TestHealthAndBasics" name="test_engines_summary_returns_74" time="0.156" /><testcase classname="backend.tests.test_ui_redesign_v2.TestGlobalStateTwoKitties" name="test_global_returns_both_kitties" time="0.106" /><testcase classname="backend.tests.test_ui_redesign_v2.TestGlobalStateTwoKitties" name="test_real_kitty_is_sacred" time="0.128" /><testcase classname="backend.tests.test_ui_redesign_v2.TestGlobalStateTwoKitties" name="test_legacy_kitty_mirrors_real" time="0.135" /><testcase classname="backend.tests.test_ui_redesign_v2.TestGodPanel" name="test_god_stats_endpoint" time="0.102" /><testcase classname="backend.tests.test_ui_redesign_v2.TestGodPanel" name="test_god_fleet_endpoint" time="0.139" /><testcase classname="backend.tests.test_ui_redesign_v2.TestGodPanel" name="test_god_audits_endpoint" time="0.105" /><testcase classname="backend.tests.test_ui_redesign_v2.TestGodPanel" name="test_god_hell_endpoint" time="0.117" /><testcase classname="backend.tests.test_ui_redesign_v2.TestSupervisors" name="test_supervisors_endpoint_returns_8" time="0.105" /><testcase classname="backend.tests.test_ui_redesign_v2.TestSupervisors" name="test_supervisors_have_engines_assigned" time="0.098" /><testcase classname="backend.tests.test_ui_redesign_v2.TestSupervisors" name="test_supervisors_pad_endpoint" time="0.137" /><testcase classname="backend.tests.test_ui_redesign_v2.TestMarketPerfGrid" name="test_engine_types_breakdown" time="0.152" /><testcase classname="backend.tests.test_ui_redesign_v2.TestMarketPerfGrid" name="test_engines_have_required_fields" time="0.156" /><testcase classname="backend.tests.test_ui_redesign_v2.TestRealKittyProtection" name="test_reset_preserves_real_kitty" time="0.479" /><testcase classname="backend.tests.test_ui_redesign_v2.TestOpenPositions" name="test_positions_have_mode_field" time="0.122" /><testcase classname="backend.tests.test_ui_redesign_v2.TestOpenPositions" name="test_global_separates_real_sim_positions" time="0.110" /></testsuite></testsuites>