<?xml version="1.0" encoding="utf-8"?><testsuites name="pytest tests"><testsuite name="pytest" errors="0" failures="1" skipped="0" tests="17" time="49.344" timestamp="2026-04-08T09:57:00.173263+00:00" hostname="agent-env-412446c0-49ff-47f2-a1f3-726796dbfb49"><testcase classname="backend.tests.test_devil_features.TestGodStats" name="test_god_stats_returns_god_replaced" time="47.508" /><testcase classname="backend.tests.test_devil_features.TestGodStats" name="test_god_stats_has_thresholds" time="0.216" /><testcase classname="backend.tests.test_devil_features.TestGodNotices" name="test_god_notices_returns_list" time="0.094" /><testcase classname="backend.tests.test_devil_features.TestGodNotices" name="test_god_notices_has_required_types" time="0.084" /><testcase classname="backend.tests.test_devil_features.TestGodNotices" name="test_god_notices_structure" time="0.120" /><testcase classname="backend.tests.test_devil_features.TestDevilStatus" name="test_devil_status_returns_data" time="0.076" /><testcase classname="backend.tests.test_devil_features.TestDevilStatus" name="test_devil_status_has_trial_mode" time="0.089" /><testcase classname="backend.tests.test_devil_features.TestDevilStatus" name="test_devil_status_has_prompt_cards" time="0.081" /><testcase classname="backend.tests.test_devil_features.TestDevilStatus" name="test_devil_status_has_requirements" time="0.082" /><testcase classname="backend.tests.test_devil_features.TestDevilStatus" name="test_devil_status_has_comms" time="0.126" /><testcase classname="backend.tests.test_devil_features.TestDevilSetRequirement" name="test_set_requirement_success" time="0.174" /><testcase classname="backend.tests.test_devil_features.TestDevilSetRequirement" name="test_set_requirement_invalid_role" time="0.111"><failure message="assert 400 == 200&#10; +  where 400 = &lt;Response [400]&gt;.status_code">backend/tests/test_devil_features.py:211: in test_set_requirement_invalid_role
    assert response.status_code == 200  # Returns 200 with error in body
    ^^^^^^^^^^^^^^^^^^^^^^^^^^^^^^^^^^
E   assert 400 == 200
E    +  where 400 = &lt;Response [400]&gt;.status_code</failure></testcase><testcase classname="backend.tests.test_devil_features.TestDevilComms" name="test_devil_comms_returns_list" time="0.084" /><testcase classname="backend.tests.test_devil_features.TestFleetOverview" name="test_fleet_has_trade_tally" time="0.096" /><testcase classname="backend.tests.test_devil_features.TestFleetOverview" name="test_fleet_has_wr" time="0.091" /><testcase classname="backend.tests.test_devil_features.TestWebSocketData" name="test_global_endpoint_structure" time="0.091" /><testcase classname="backend.tests.test_devil_features.TestHealthEndpoint" name="test_health_check" time="0.087" /></testsuite></testsuites>