<?xml version="1.0" encoding="utf-8"?><testsuites name="pytest tests"><testsuite name="pytest" errors="0" failures="0" skipped="0" tests="31" time="5.029" timestamp="2026-04-04T08:17:23.128115+00:00" hostname="agent-env-412446c0-49ff-47f2-a1f3-726796dbfb49"><testcase classname="backend.tests.test_live_market_data.TestHealthAndBasics" name="test_api_health" time="0.135" /><testcase classname="backend.tests.test_live_market_data.TestMarketDataStatus" name="test_market_data_status_returns_live_mode" time="0.093" /><testcase classname="backend.tests.test_live_market_data.TestMarketDataStatus" name="test_market_data_has_yahoo_symbols" time="0.096" /><testcase classname="backend.tests.test_live_market_data.TestMarketDataStatus" name="test_market_data_has_crypto_symbols" time="0.104" /><testcase classname="backend.tests.test_live_market_data.TestMarketDataStatus" name="test_market_data_total_with_prices" time="0.102" /><testcase classname="backend.tests.test_live_market_data.TestMarketDataStatus" name="test_market_data_has_sample_prices" time="0.096" /><testcase classname="backend.tests.test_live_market_data.TestEnginesSummary" name="test_engines_summary_returns_50" time="0.105" /><testcase classname="backend.tests.test_live_market_data.TestEnginesSummary" name="test_engines_have_required_fields" time="0.098" /><testcase classname="backend.tests.test_live_market_data.TestEnginesSummary" name="test_engines_have_open_positions_field" time="0.108" /><testcase classname="backend.tests.test_live_market_data.TestGlobalState" name="test_global_returns_kitty" time="0.105" /><testcase classname="backend.tests.test_live_market_data.TestGlobalState" name="test_global_returns_stop_percentages" time="0.098" /><testcase classname="backend.tests.test_live_market_data.TestGlobalState" name="test_global_returns_open_positions" time="0.097" /><testcase classname="backend.tests.test_live_market_data.TestGlobalState" name="test_global_returns_pnl" time="0.094" /><testcase classname="backend.tests.test_live_market_data.TestStopControls" name="test_set_stop_loss_5_percent" time="0.099" /><testcase classname="backend.tests.test_live_market_data.TestStopControls" name="test_set_stop_loss_10_percent" time="0.094" /><testcase classname="backend.tests.test_live_market_data.TestStopControls" name="test_set_stop_loss_15_percent" time="0.092" /><testcase classname="backend.tests.test_live_market_data.TestStopControls" name="test_set_trailing_stop_5_percent" time="0.102" /><testcase classname="backend.tests.test_live_market_data.TestStopControls" name="test_set_trailing_stop_10_percent" time="0.098" /><testcase classname="backend.tests.test_live_market_data.TestStopControls" name="test_set_trailing_stop_15_percent" time="0.096" /><testcase classname="backend.tests.test_live_market_data.TestStopControls" name="test_invalid_stop_loss_rejected" time="0.096" /><testcase classname="backend.tests.test_live_market_data.TestStopControls" name="test_invalid_trailing_stop_rejected" time="0.098" /><testcase classname="backend.tests.test_live_market_data.TestEngineControls" name="test_reset_all_engines" time="0.224" /><testcase classname="backend.tests.test_live_market_data.TestEngineControls" name="test_start_all_engines" time="0.095" /><testcase classname="backend.tests.test_live_market_data.TestEngineControls" name="test_stop_all_engines" time="0.098" /><testcase classname="backend.tests.test_live_market_data.TestEngineControls" name="test_single_engine_start" time="0.105" /><testcase classname="backend.tests.test_live_market_data.TestEngineControls" name="test_single_engine_stop" time="0.104" /><testcase classname="backend.tests.test_live_market_data.TestWebSocketConnection" name="test_websocket_connects_and_receives_data" time="0.186" /><testcase classname="backend.tests.test_live_market_data.TestWebSocketConnection" name="test_websocket_broker_has_data_feed_field" time="1.097" /><testcase classname="backend.tests.test_live_market_data.TestBrokerStatus" name="test_broker_status" time="0.096" /><testcase classname="backend.tests.test_live_market_data.TestIntegrationFlow" name="test_reset_start_verify_flow" time="0.411" /><testcase classname="backend.tests.test_live_market_data.TestIntegrationFlow" name="test_stop_loss_persists_to_global" time="0.399" /></testsuite></testsuites>