<?xml version="1.0" encoding="utf-8"?><testsuites name="pytest tests"><testsuite name="pytest" errors="0" failures="0" skipped="0" tests="43" time="44.094" timestamp="2026-04-04T06:08:19.625734+00:00" hostname="agent-env-412446c0-49ff-47f2-a1f3-726796dbfb49"><testcase classname="backend.tests.test_reset_guardian_fixes.TestResetAllClearsState" name="test_reset_all_endpoint_returns_success" time="0.172" /><testcase classname="backend.tests.test_reset_guardian_fixes.TestResetAllClearsState" name="test_reset_all_clears_pf_to_none" time="0.716" /><testcase classname="backend.tests.test_reset_guardian_fixes.TestResetAllClearsState" name="test_reset_all_clears_accuracy_to_none" time="0.727" /><testcase classname="backend.tests.test_reset_guardian_fixes.TestResetAllClearsState" name="test_reset_all_clears_trades_to_zero" time="0.721" /><testcase classname="backend.tests.test_reset_guardian_fixes.TestResetAllClearsState" name="test_reset_all_clears_kitty_to_base_unit" time="0.740" /><testcase classname="backend.tests.test_reset_guardian_fixes.TestResetAllClearsState" name="test_reset_all_clears_consecutive_losses" time="0.728" /><testcase classname="backend.tests.test_reset_guardian_fixes.TestResetAllClearsState" name="test_reset_all_sets_is_seeding_true" time="0.740" /><testcase classname="backend.tests.test_reset_guardian_fixes.TestResetAllClearsState" name="test_reset_all_sets_night_manager_veto_false" time="0.769" /><testcase classname="backend.tests.test_reset_guardian_fixes.TestResetAllClearsState" name="test_reset_all_sets_status_stopped" time="0.744" /><testcase classname="backend.tests.test_reset_guardian_fixes.TestResetAllPersistsToMongoDB" name="test_reset_persists_via_engine_detail_endpoint" time="0.832" /><testcase classname="backend.tests.test_reset_guardian_fixes.TestSingleEngineReset" name="test_single_engine_reset_endpoint" time="2.328" /><testcase classname="backend.tests.test_reset_guardian_fixes.TestSingleEngineReset" name="test_single_engine_reset_clears_state" time="0.807" /><testcase classname="backend.tests.test_reset_guardian_fixes.TestSeedModeAfterReset" name="test_engines_in_seed_mode_after_reset_and_start" time="2.862" /><testcase classname="backend.tests.test_reset_guardian_fixes.TestSeedModeAfterReset" name="test_seeding_engines_have_badge_seeding" time="2.870" /><testcase classname="backend.tests.test_reset_guardian_fixes.TestSeedModeAfterReset" name="test_seeding_engines_cannot_trade" time="2.858" /><testcase classname="backend.tests.test_reset_guardian_fixes.TestSeedModeAfterReset" name="test_seed_progress_increases_over_time" time="6.996" /><testcase classname="backend.tests.test_reset_guardian_fixes.TestGuardianRunsBeforeOnTick" name="test_guardian_pauses_engine_at_5_consecutive_losses" time="0.108" /><testcase classname="backend.tests.test_reset_guardian_fixes.TestGuardianRunsBeforeOnTick" name="test_paused_engines_have_guardian_badge" time="0.102" /><testcase classname="backend.tests.test_reset_guardian_fixes.TestQualityGatesArmAfter5Trades" name="test_engines_with_less_than_5_trades_can_trade" time="10.908" /><testcase classname="backend.tests.test_reset_guardian_fixes.TestNightManagerVetoField" name="test_engine_summary_has_night_manager_veto_field" time="0.109" /><testcase classname="backend.tests.test_reset_guardian_fixes.TestNightManagerVetoField" name="test_engine_detail_has_night_manager_veto_field" time="0.208" /><testcase classname="backend.tests.test_reset_guardian_fixes.TestNightManagerVetoField" name="test_night_manager_run_endpoint" time="0.218" /><testcase classname="backend.tests.test_reset_guardian_fixes.TestPositionSizingWithNightManagerVeto" name="test_engines_have_current_position_size_field" time="0.115" /><testcase classname="backend.tests.test_reset_guardian_fixes.TestPositionSizingWithNightManagerVeto" name="test_reset_sets_position_size_to_base_unit" time="0.733" /><testcase classname="backend.tests.test_reset_guardian_fixes.TestResetStartFlow" name="test_full_reset_start_flow" time="2.946" /><testcase classname="backend.tests.test_reset_guardian_fixes.TestStatsAfterReset" name="test_stats_show_zero_after_reset" time="0.771" /><testcase classname="backend.tests.test_trading_hub.TestEnginesSummary" name="test_engines_summary_returns_50_engines" time="0.127" /><testcase classname="backend.tests.test_trading_hub.TestEnginesSummary" name="test_engines_have_required_fields" time="0.136" /><testcase classname="backend.tests.test_trading_hub.TestEnginesSummary" name="test_engine_types_distribution" time="0.103" /><testcase classname="backend.tests.test_trading_hub.TestMarketHours" name="test_market_status_via_websocket_initial_state" time="0.096" /><testcase classname="backend.tests.test_trading_hub.TestMarketHours" name="test_crypto_engines_always_open" time="0.115" /><testcase classname="backend.tests.test_trading_hub.TestMarketHours" name="test_market_engines_have_market_type" time="0.201" /><testcase classname="backend.tests.test_trading_hub.TestLiveTrades" name="test_trades_endpoint_returns_data" time="0.100" /><testcase classname="backend.tests.test_trading_hub.TestLiveTrades" name="test_trades_have_flat_structure" time="0.115" /><testcase classname="backend.tests.test_trading_hub.TestLiveTrades" name="test_trades_have_buy_sell_indicators" time="0.110" /><testcase classname="backend.tests.test_trading_hub.TestLiveTrades" name="test_trades_filter_by_engine" time="0.209" /><testcase classname="backend.tests.test_trading_hub.TestEngineControls" name="test_stop_all_engines" time="0.097" /><testcase classname="backend.tests.test_trading_hub.TestEngineControls" name="test_start_all_engines" time="0.095" /><testcase classname="backend.tests.test_trading_hub.TestEngineControls" name="test_reset_all_engines" time="0.116" /><testcase classname="backend.tests.test_trading_hub.TestEngineControls" name="test_engines_running_after_start_all" time="0.239" /><testcase classname="backend.tests.test_trading_hub.TestPerformanceRanking" name="test_engines_have_pnl_for_ranking" time="0.118" /><testcase classname="backend.tests.test_trading_hub.TestPerformanceRanking" name="test_stats_endpoint_has_total_pnl" time="0.104" /><testcase classname="backend.tests.test_trading_hub.TestSystemStats" name="test_stats_endpoint" time="0.099" /></testsuite></testsuites>