<?xml version="1.0" encoding="utf-8"?><testsuites name="pytest tests"><testsuite name="pytest" errors="0" failures="0" skipped="0" tests="22" time="3.468" timestamp="2026-04-04T11:30:45.339783+00:00" hostname="agent-env-412446c0-49ff-47f2-a1f3-726796dbfb49"><testcase classname="backend.tests.test_sparkline_market_hours.TestHealthCheck" name="test_api_health" time="0.167" /><testcase classname="backend.tests.test_sparkline_market_hours.TestMarketHours" name="test_market_hours_endpoint_exists" time="0.094" /><testcase classname="backend.tests.test_sparkline_market_hours.TestMarketHours" name="test_all_index_markets_closed_on_weekend" time="0.103" /><testcase classname="backend.tests.test_sparkline_market_hours.TestMarketHours" name="test_all_crypto_markets_always_open" time="0.104" /><testcase classname="backend.tests.test_sparkline_market_hours.TestEnginesSummary" name="test_engines_summary_returns_50_engines" time="0.104" /><testcase classname="backend.tests.test_sparkline_market_hours.TestEnginesSummary" name="test_engines_have_sparkline_field" time="0.104" /><testcase classname="backend.tests.test_sparkline_market_hours.TestEnginesSummary" name="test_engines_have_market_open_field" time="0.103" /><testcase classname="backend.tests.test_sparkline_market_hours.TestEnginesSummary" name="test_crypto_engines_market_open_true" time="0.118" /><testcase classname="backend.tests.test_sparkline_market_hours.TestEnginesSummary" name="test_index_engines_market_open_status" time="0.104" /><testcase classname="backend.tests.test_sparkline_market_hours.TestGlobalState" name="test_global_state_returns_kitty" time="0.096" /><testcase classname="backend.tests.test_sparkline_market_hours.TestGlobalState" name="test_global_state_returns_position_size" time="0.097" /><testcase classname="backend.tests.test_sparkline_market_hours.TestGlobalState" name="test_global_state_returns_stop_loss_pct" time="0.104" /><testcase classname="backend.tests.test_sparkline_market_hours.TestGlobalState" name="test_global_state_returns_trailing_stop_pct" time="0.099" /><testcase classname="backend.tests.test_sparkline_market_hours.TestGlobalState" name="test_global_state_returns_open_positions" time="0.112" /><testcase classname="backend.tests.test_sparkline_market_hours.TestGlobalState" name="test_global_state_returns_pnl_fields" time="0.104" /><testcase classname="backend.tests.test_sparkline_market_hours.TestManualTrade" name="test_manual_trade_requires_running_engine" time="0.126" /><testcase classname="backend.tests.test_sparkline_market_hours.TestManualTrade" name="test_manual_trade_invalid_side_rejected" time="0.220" /><testcase classname="backend.tests.test_sparkline_market_hours.TestManualTrade" name="test_manual_trade_buy_on_running_engine" time="0.203" /><testcase classname="backend.tests.test_sparkline_market_hours.TestWebSocket" name="test_websocket_connection" time="0.172" /><testcase classname="backend.tests.test_sparkline_market_hours.TestWebSocket" name="test_websocket_state_update" time="0.848" /><testcase classname="backend.tests.test_sparkline_market_hours.TestClosedMarketsFilter" name="test_count_open_vs_closed_markets" time="0.109" /><testcase classname="backend.tests.test_sparkline_market_hours.TestClosedMarketsFilter" name="test_active_engines_filter_logic" time="0.107" /></testsuite></testsuites>