<?xml version="1.0" encoding="utf-8"?><testsuites name="pytest tests"><testsuite name="pytest" errors="0" failures="1" skipped="0" tests="17" time="75.322" timestamp="2026-04-09T05:21:49.865620+00:00" hostname="agent-env-412446c0-49ff-47f2-a1f3-726796dbfb49"><testcase classname="backend.tests.test_new_features.TestSchedulerCountdown" name="test_scheduler_countdown_returns_valid_structure" time="60.212"><failure message="AssertionError: Expected 200, got 502&#10;assert 502 == 200&#10; +  where 502 = &lt;Response [502]&gt;.status_code">backend/tests/test_new_features.py:21: in test_scheduler_countdown_returns_valid_structure
    assert response.status_code == 200, f"Expected 200, got {response.status_code}"
E   AssertionError: Expected 200, got 502
E   assert 502 == 200
E    +  where 502 = &lt;Response [502]&gt;.status_code</failure></testcase><testcase classname="backend.tests.test_new_features.TestSchedulerCountdown" name="test_scheduler_countdown_has_hours_minutes_seconds" time="13.006" /><testcase classname="backend.tests.test_new_features.TestSchedulerStats" name="test_scheduler_stats_returns_periods" time="0.101" /><testcase classname="backend.tests.test_new_features.TestBossBroadcast" name="test_boss_broadcast_sends_message" time="0.085" /><testcase classname="backend.tests.test_new_features.TestBossBroadcast" name="test_boss_broadcast_requires_message" time="0.122" /><testcase classname="backend.tests.test_new_features.TestBossBroadcast" name="test_boss_broadcasts_history" time="0.216" /><testcase classname="backend.tests.test_new_features.TestDevilDirectives" name="test_devil_directive_to_supervisor" time="0.117" /><testcase classname="backend.tests.test_new_features.TestDevilDirectives" name="test_devil_directive_to_all" time="0.123" /><testcase classname="backend.tests.test_new_features.TestDevilDirectives" name="test_devil_directive_requires_message" time="0.103" /><testcase classname="backend.tests.test_new_features.TestDevilDirectives" name="test_get_devil_directives_for_supervisor" time="0.210" /><testcase classname="backend.tests.test_new_features.TestDevilDirectives" name="test_get_all_devil_directives" time="0.086" /><testcase classname="backend.tests.test_new_features.TestSupervisorDailyReports" name="test_daily_reports_returns_all_supervisors" time="0.085" /><testcase classname="backend.tests.test_new_features.TestSupervisorDailyReports" name="test_daily_report_structure" time="0.126" /><testcase classname="backend.tests.test_new_features.TestSupervisorDailyReports" name="test_daily_report_has_devil_directives" time="0.176" /><testcase classname="backend.tests.test_new_features.TestSupervisorDailyReports" name="test_daily_report_bot_details" time="0.078" /><testcase classname="backend.tests.test_new_features.TestIntegration" name="test_boss_broadcast_appears_in_supervisor_directives" time="0.166" /><testcase classname="backend.tests.test_new_features.TestIntegration" name="test_countdown_and_stats_consistency" time="0.168" /></testsuite></testsuites>