<?xml version="1.0" encoding="utf-8"?><testsuites name="pytest tests"><testsuite name="pytest" errors="0" failures="0" skipped="0" tests="33" time="4.074" timestamp="2026-04-04T04:55:13.373941+00:00" hostname="agent-env-412446c0-49ff-47f2-a1f3-726796dbfb49"><testcase classname="backend.tests.test_eligibility_gates.TestRegimeDetection" name="test_engines_have_regime_field" time="0.133" /><testcase classname="backend.tests.test_eligibility_gates.TestRegimeDetection" name="test_regime_distribution" time="0.098" /><testcase classname="backend.tests.test_eligibility_gates.TestRegimeDetection" name="test_trending_engines_have_sufficient_rfit" time="0.109" /><testcase classname="backend.tests.test_eligibility_gates.TestEligibilityGates" name="test_engines_have_eligibility_fields" time="0.107" /><testcase classname="backend.tests.test_eligibility_gates.TestEligibilityGates" name="test_closed_markets_cannot_trade" time="0.126" /><testcase classname="backend.tests.test_eligibility_gates.TestEligibilityGates" name="test_scalpers_bypass_regime_check" time="0.100" /><testcase classname="backend.tests.test_eligibility_gates.TestEligibilityGates" name="test_eligibility_gate_logic" time="0.108" /><testcase classname="backend.tests.test_eligibility_gates.TestBadgeAssignment" name="test_valid_badges" time="0.105" /><testcase classname="backend.tests.test_eligibility_gates.TestBadgeAssignment" name="test_active_badge_requirements" time="0.102" /><testcase classname="backend.tests.test_eligibility_gates.TestEngineSorting" name="test_trending_engines_first" time="0.107" /><testcase classname="backend.tests.test_eligibility_gates.TestPnLFormula" name="test_trades_have_pnl_fields" time="0.119" /><testcase classname="backend.tests.test_eligibility_gates.TestPnLFormula" name="test_pnl_formula_calculation" time="0.109" /><testcase classname="backend.tests.test_eligibility_gates.TestStatsEndpoint" name="test_stats_has_required_fields" time="0.109" /><testcase classname="backend.tests.test_eligibility_gates.TestStatsEndpoint" name="test_engines_summary_counts_match_stats" time="0.198" /><testcase classname="backend.tests.test_eligibility_gates.TestOnlyEligibleEnginesTrade" name="test_trades_from_eligible_engines" time="0.196" /><testcase classname="backend.tests.test_eligibility_gates.TestEngineDetail" name="test_engine_detail_has_eligibility_fields" time="0.203" /><testcase classname="backend.tests.test_trading_hub.TestEnginesSummary" name="test_engines_summary_returns_50_engines" time="0.112" /><testcase classname="backend.tests.test_trading_hub.TestEnginesSummary" name="test_engines_have_required_fields" time="0.103" /><testcase classname="backend.tests.test_trading_hub.TestEnginesSummary" name="test_engine_types_distribution" time="0.101" /><testcase classname="backend.tests.test_trading_hub.TestMarketHours" name="test_market_status_via_websocket_initial_state" time="0.101" /><testcase classname="backend.tests.test_trading_hub.TestMarketHours" name="test_crypto_engines_always_open" time="0.099" /><testcase classname="backend.tests.test_trading_hub.TestMarketHours" name="test_market_engines_have_market_type" time="0.103" /><testcase classname="backend.tests.test_trading_hub.TestLiveTrades" name="test_trades_endpoint_returns_data" time="0.144" /><testcase classname="backend.tests.test_trading_hub.TestLiveTrades" name="test_trades_have_flat_structure" time="0.097" /><testcase classname="backend.tests.test_trading_hub.TestLiveTrades" name="test_trades_have_buy_sell_indicators" time="0.103" /><testcase classname="backend.tests.test_trading_hub.TestLiveTrades" name="test_trades_filter_by_engine" time="0.214" /><testcase classname="backend.tests.test_trading_hub.TestEngineControls" name="test_stop_all_engines" time="0.094" /><testcase classname="backend.tests.test_trading_hub.TestEngineControls" name="test_start_all_engines" time="0.097" /><testcase classname="backend.tests.test_trading_hub.TestEngineControls" name="test_reset_all_engines" time="0.101" /><testcase classname="backend.tests.test_trading_hub.TestEngineControls" name="test_engines_running_after_start_all" time="0.193" /><testcase classname="backend.tests.test_trading_hub.TestPerformanceRanking" name="test_engines_have_pnl_for_ranking" time="0.102" /><testcase classname="backend.tests.test_trading_hub.TestPerformanceRanking" name="test_stats_endpoint_has_total_pnl" time="0.105" /><testcase classname="backend.tests.test_trading_hub.TestSystemStats" name="test_stats_endpoint" time="0.100" /></testsuite></testsuites>