<?xml version="1.0" encoding="utf-8"?><testsuites name="pytest tests"><testsuite name="pytest" errors="0" failures="1" skipped="0" tests="19" time="75.150" timestamp="2026-04-08T05:52:41.161340+00:00" hostname="agent-env-412446c0-49ff-47f2-a1f3-726796dbfb49"><testcase classname="backend.tests.test_command_center_apis.TestHealthAndBasics" name="test_api_health" time="60.175"><failure message="assert 502 == 200&#10; +  where 502 = &lt;Response [502]&gt;.status_code">backend/tests/test_command_center_apis.py:17: in test_api_health
    assert response.status_code == 200
E   assert 502 == 200
E    +  where 502 = &lt;Response [502]&gt;.status_code</failure></testcase><testcase classname="backend.tests.test_command_center_apis.TestHealthAndBasics" name="test_global_state" time="12.614" /><testcase classname="backend.tests.test_command_center_apis.TestDashboardAPIs" name="test_engines_summary" time="0.158" /><testcase classname="backend.tests.test_command_center_apis.TestCommandCenterAPIs" name="test_god_notices" time="0.122" /><testcase classname="backend.tests.test_command_center_apis.TestCommandCenterAPIs" name="test_god_stats" time="0.106" /><testcase classname="backend.tests.test_command_center_apis.TestCommandCenterAPIs" name="test_god_fleet" time="0.075" /><testcase classname="backend.tests.test_command_center_apis.TestCommandCenterAPIs" name="test_god_audits" time="0.077" /><testcase classname="backend.tests.test_command_center_apis.TestCommandCenterAPIs" name="test_god_hell" time="0.080" /><testcase classname="backend.tests.test_command_center_apis.TestCommandCenterAPIs" name="test_supervisors" time="0.078" /><testcase classname="backend.tests.test_command_center_apis.TestCommandCenterAPIs" name="test_supervisors_pad" time="0.077" /><testcase classname="backend.tests.test_command_center_apis.TestCommandCenterAPIs" name="test_pdca_outcomes" time="0.104" /><testcase classname="backend.tests.test_command_center_apis.TestCommandCenterAPIs" name="test_pdca_cycles" time="0.084" /><testcase classname="backend.tests.test_command_center_apis.TestCommandCenterAPIs" name="test_scribe_findings" time="0.115" /><testcase classname="backend.tests.test_command_center_apis.TestCommandCenterAPIs" name="test_bible_stats" time="0.086" /><testcase classname="backend.tests.test_command_center_apis.TestNudgeAPI" name="test_nudge_pause_engine" time="0.353" /><testcase classname="backend.tests.test_command_center_apis.TestNudgeAPI" name="test_nudge_resume_engine" time="0.329" /><testcase classname="backend.tests.test_command_center_apis.TestExchangeVsCrypto" name="test_engines_have_type_field" time="0.145" /><testcase classname="backend.tests.test_command_center_apis.TestPromotionLadder" name="test_god_stats_has_scribe_info" time="0.091" /><testcase classname="backend.tests.test_command_center_apis.TestBotRankings" name="test_engines_have_win_rate" time="0.128" /></testsuite></testsuites>