<?xml version="1.0" encoding="utf-8"?><testsuites name="pytest tests"><testsuite name="pytest" errors="0" failures="0" skipped="0" tests="7" time="59.983" timestamp="2026-04-07T01:16:06.766295+00:00" hostname="agent-env-412446c0-49ff-47f2-a1f3-726796dbfb49"><testcase classname="backend.tests.test_health_fleet_websocket.TestHealthEndpoint" name="test_health_endpoint_returns_healthy" time="0.158" /><testcase classname="backend.tests.test_health_fleet_websocket.TestWebSocketInitialState" name="test_websocket_initial_state_has_risk_profiles" time="0.202" /><testcase classname="backend.tests.test_health_fleet_websocket.TestWebSocketInitialState" name="test_websocket_initial_state_has_engines" time="0.193" /><testcase classname="backend.tests.test_health_fleet_websocket.TestWebSocketHealthEvents" name="test_websocket_health_events_in_broadcast" time="18.442" /><testcase classname="backend.tests.test_health_fleet_websocket.TestRiskProfilesContent" name="test_risk_profiles_have_correct_structure" time="0.246" /><testcase classname="backend.tests.test_health_fleet_websocket.TestEngineHealthUpdateFields" name="test_health_update_has_all_fields" time="20.151" /><testcase classname="backend.tests.test_health_fleet_websocket.TestFleetMetricsUpdate" name="test_fleet_metrics_has_all_fields" time="20.510" /></testsuite></testsuites>