<?xml version="1.0" encoding="utf-8"?><testsuites name="pytest tests"><testsuite name="pytest" errors="0" failures="0" skipped="0" tests="26" time="3.684" timestamp="2026-04-04T05:07:58.088893+00:00" hostname="agent-env-412446c0-49ff-47f2-a1f3-726796dbfb49"><testcase classname="backend.tests.test_ui_redesign.TestHealthAndBasics" name="test_api_health" time="0.153" /><testcase classname="backend.tests.test_ui_redesign.TestHealthAndBasics" name="test_engines_summary_returns_50" time="0.111" /><testcase classname="backend.tests.test_ui_redesign.TestTopBarPanels" name="test_engines_have_pnl_fields" time="0.100" /><testcase classname="backend.tests.test_ui_redesign.TestTopBarPanels" name="test_engines_have_trade_outcome_fields" time="0.110" /><testcase classname="backend.tests.test_ui_redesign.TestTopBarPanels" name="test_engines_have_quality_fields" time="0.112" /><testcase classname="backend.tests.test_ui_redesign.TestMarketSections" name="test_engines_have_regime_field" time="0.107" /><testcase classname="backend.tests.test_ui_redesign.TestMarketSections" name="test_trending_engines_identified" time="0.165" /><testcase classname="backend.tests.test_ui_redesign.TestMarketSections" name="test_market_open_field_exists" time="0.106" /><testcase classname="backend.tests.test_ui_redesign.TestMarketCardFields" name="test_badge_fields" time="0.110" /><testcase classname="backend.tests.test_ui_redesign.TestMarketCardFields" name="test_tradability_column_fields" time="0.108" /><testcase classname="backend.tests.test_ui_redesign.TestMarketCardFields" name="test_money_column_fields" time="0.133" /><testcase classname="backend.tests.test_ui_redesign.TestEngineDetailModal" name="test_engine_detail_endpoint" time="0.214" /><testcase classname="backend.tests.test_ui_redesign.TestEngineDetailModal" name="test_trades_endpoint" time="0.105" /><testcase classname="backend.tests.test_ui_redesign.TestEngineDetailModal" name="test_trades_by_engine" time="0.202" /><testcase classname="backend.tests.test_ui_redesign.TestEngineDetailModal" name="test_diagnostics_endpoint" time="0.198" /><testcase classname="backend.tests.test_ui_redesign.TestEngineDetailModal" name="test_alerts_endpoint" time="0.186" /><testcase classname="backend.tests.test_ui_redesign.TestGlobalControls" name="test_start_all_engines" time="0.106" /><testcase classname="backend.tests.test_ui_redesign.TestGlobalControls" name="test_stop_all_engines" time="0.098" /><testcase classname="backend.tests.test_ui_redesign.TestGlobalControls" name="test_reset_all_engines" time="0.100" /><testcase classname="backend.tests.test_ui_redesign.TestGlobalControls" name="test_single_engine_start" time="0.192" /><testcase classname="backend.tests.test_ui_redesign.TestGlobalControls" name="test_single_engine_stop" time="0.204" /><testcase classname="backend.tests.test_ui_redesign.TestGlobalControls" name="test_single_engine_reset" time="0.197" /><testcase classname="backend.tests.test_ui_redesign.TestSystemStats" name="test_stats_endpoint" time="0.100" /><testcase classname="backend.tests.test_ui_redesign.TestMarketHours" name="test_market_hours_all" time="0.097" /><testcase classname="backend.tests.test_ui_redesign.TestMarketHours" name="test_market_hours_single" time="0.101" /><testcase classname="backend.tests.test_ui_redesign.TestEngineSorting" name="test_engines_sorted_by_regime" time="0.198" /></testsuite></testsuites>