<?xml version="1.0" encoding="utf-8"?><testsuites name="pytest tests"><testsuite name="pytest" errors="0" failures="0" skipped="0" tests="13" time="3.828" timestamp="2026-04-06T23:39:54.488511+00:00" hostname="agent-env-412446c0-49ff-47f2-a1f3-726796dbfb49"><testcase classname="backend.tests.test_alerts_settings_troubleshooting.TestEngineGatesAndTroubleshooting" name="test_engine_summary_contains_gates" time="0.153" /><testcase classname="backend.tests.test_alerts_settings_troubleshooting.TestEngineGatesAndTroubleshooting" name="test_engine_summary_contains_last_signal_info" time="0.133" /><testcase classname="backend.tests.test_alerts_settings_troubleshooting.TestEngineGatesAndTroubleshooting" name="test_engine_summary_contains_last_trade_ts" time="0.131" /><testcase classname="backend.tests.test_alerts_settings_troubleshooting.TestEngineGatesAndTroubleshooting" name="test_engine_summary_contains_alerts" time="0.133" /><testcase classname="backend.tests.test_alerts_settings_troubleshooting.TestNudgeAPI" name="test_nudge_stop_loss" time="0.271" /><testcase classname="backend.tests.test_alerts_settings_troubleshooting.TestNudgeAPI" name="test_nudge_trailing_stop" time="0.227" /><testcase classname="backend.tests.test_alerts_settings_troubleshooting.TestNudgeAPI" name="test_nudge_signal_prob" time="0.241" /><testcase classname="backend.tests.test_alerts_settings_troubleshooting.TestNudgeAPI" name="test_nudge_pause" time="0.454" /><testcase classname="backend.tests.test_alerts_settings_troubleshooting.TestNudgeAPI" name="test_nudge_multiple_params" time="0.239" /><testcase classname="backend.tests.test_alerts_settings_troubleshooting.TestResetAPI" name="test_reset_engine" time="1.397" /><testcase classname="backend.tests.test_alerts_settings_troubleshooting.TestCryptoAlwaysOnline" name="test_crypto_type_is_coin" time="0.119" /><testcase classname="backend.tests.test_alerts_settings_troubleshooting.TestExchangeMarketsClosed" name="test_exchange_markets_closed_weekend" time="0.137" /><testcase classname="backend.tests.test_alerts_settings_troubleshooting.TestSelfImproveParams" name="test_self_improve_params_structure" time="0.129" /></testsuite></testsuites>