<?xml version="1.0" encoding="utf-8"?><testsuites name="pytest tests"><testsuite name="pytest" errors="0" failures="0" skipped="0" tests="20" time="5.644" timestamp="2026-04-19T00:03:12.819090+00:00" hostname="agent-env-412446c0-49ff-47f2-a1f3-726796dbfb49"><testcase classname="backend.tests.test_trading_platform.TestHealth" name="test_health_get" time="0.291" /><testcase classname="backend.tests.test_trading_platform.TestHealth" name="test_health_rpc" time="0.098" /><testcase classname="backend.tests.test_trading_platform.TestStats" name="test_get_stats_shape" time="0.094" /><testcase classname="backend.tests.test_trading_platform.TestTrades" name="test_get_trades_returns_list" time="0.126" /><testcase classname="backend.tests.test_trading_platform.TestMarketState" name="test_get_market_state" time="0.093" /><testcase classname="backend.tests.test_trading_platform.TestMarketState" name="test_kitty_inside_market_state" time="0.111" /><testcase classname="backend.tests.test_trading_platform.TestKitty" name="test_get_kitty_summary" time="0.098" /><testcase classname="backend.tests.test_trading_platform.TestRiskParams" name="test_get_risk_params" time="0.081" /><testcase classname="backend.tests.test_trading_platform.TestRiskParams" name="test_set_risk_params_persists" time="0.422" /><testcase classname="backend.tests.test_trading_platform.TestTradingCycle" name="test_run_trading_cycle" time="2.888" /><testcase classname="backend.tests.test_trading_platform.TestResetMarket" name="test_reset_market_valid" time="0.088" /><testcase classname="backend.tests.test_trading_platform.TestResetMarket" name="test_reset_market_invalid" time="0.093" /><testcase classname="backend.tests.test_trading_platform.TestCloseTrade" name="test_close_trade_invalid_id" time="0.100" /><testcase classname="backend.tests.test_trading_platform.TestCloseTrade" name="test_close_trade_open_trade" time="0.239" /><testcase classname="backend.tests.test_trading_platform.TestCTrader" name="test_ctrader_status" time="0.205" /><testcase classname="backend.tests.test_trading_platform.TestCTrader" name="test_ctrader_auth_url" time="0.116" /><testcase classname="backend.tests.test_trading_platform.TestExtras" name="test_get_swarm_summary" time="0.088" /><testcase classname="backend.tests.test_trading_platform.TestExtras" name="test_get_system_events" time="0.084" /><testcase classname="backend.tests.test_trading_platform.TestExtras" name="test_get_night_manager_log" time="0.132" /><testcase classname="backend.tests.test_trading_platform.TestExtras" name="test_unknown_method" time="0.080" /></testsuite></testsuites>