<?xml version="1.0" encoding="utf-8"?><testsuites name="pytest tests"><testsuite name="pytest" errors="0" failures="0" skipped="0" tests="14" time="1.561" timestamp="2026-04-09T12:20:39.373832+00:00" hostname="agent-env-412446c0-49ff-47f2-a1f3-726796dbfb49"><testcase classname="backend.tests.test_iteration_18.TestBossGateAndTradeSize" name="test_boss_gate_returns_86_percent" time="0.209" /><testcase classname="backend.tests.test_iteration_18.TestBossGateAndTradeSize" name="test_boss_trade_size_returns_10_usd" time="0.107" /><testcase classname="backend.tests.test_iteration_18.TestSchedulerStats" name="test_scheduler_stats_has_trades" time="0.087" /><testcase classname="backend.tests.test_iteration_18.TestSchedulerStats" name="test_scheduler_countdown_has_period_stats" time="0.096" /><testcase classname="backend.tests.test_iteration_18.TestEnginesSummary" name="test_engines_summary_returns_74_engines" time="0.133" /><testcase classname="backend.tests.test_iteration_18.TestEnginesSummary" name="test_engines_have_yahoo_change_pct" time="0.116" /><testcase classname="backend.tests.test_iteration_18.TestEnginesSummary" name="test_engines_have_promotion_phase" time="0.112" /><testcase classname="backend.tests.test_iteration_18.TestManualTradeEndpoint" name="test_manual_trade_endpoint_exists" time="0.079" /><testcase classname="backend.tests.test_iteration_18.TestManualTradeEndpoint" name="test_manual_trade_requires_side" time="0.086" /><testcase classname="backend.tests.test_iteration_18.TestPositionCloseEndpoint" name="test_position_close_endpoint_exists" time="0.100" /><testcase classname="backend.tests.test_iteration_18.TestGlobalState" name="test_global_state_has_real_kitty" time="0.076" /><testcase classname="backend.tests.test_iteration_18.TestMarketDataFeed" name="test_market_data_status" time="0.078" /><testcase classname="backend.tests.test_iteration_18.TestOpenPositions" name="test_open_positions_in_global_state" time="0.084" /><testcase classname="backend.tests.test_iteration_18.TestBrokerStatus" name="test_broker_status_is_mock" time="0.079" /></testsuite></testsuites>