<?xml version="1.0" encoding="utf-8"?><testsuites name="pytest tests"><testsuite name="pytest" errors="0" failures="3" skipped="2" tests="25" time="3.372" timestamp="2026-04-04T11:43:13.033183+00:00" hostname="agent-env-412446c0-49ff-47f2-a1f3-726796dbfb49"><testcase classname="backend.tests.test_stats_row_acc30m.TestHealthAndBasics" name="test_api_health" time="0.255" /><testcase classname="backend.tests.test_stats_row_acc30m.TestHealthAndBasics" name="test_engines_summary_returns_all" time="0.121" /><testcase classname="backend.tests.test_stats_row_acc30m.TestAcc30mField" name="test_acc_30m_field_exists" time="0.164" /><testcase classname="backend.tests.test_stats_row_acc30m.TestAcc30mField" name="test_acc_30m_null_when_no_trades" time="0.122" /><testcase classname="backend.tests.test_stats_row_acc30m.TestAcc30mField" name="test_acc_30m_type_when_present" time="0.158" /><testcase classname="backend.tests.test_stats_row_acc30m.TestStatsRowFields" name="test_regime_field_exists" time="0.105" /><testcase classname="backend.tests.test_stats_row_acc30m.TestStatsRowFields" name="test_pf_field_exists" time="0.104" /><testcase classname="backend.tests.test_stats_row_acc30m.TestStatsRowFields" name="test_win_rate_field_exists" time="0.106" /><testcase classname="backend.tests.test_stats_row_acc30m.TestStatsRowFields" name="test_trades_today_field_exists" time="0.126" /><testcase classname="backend.tests.test_stats_row_acc30m.TestStatsRowFields" name="test_pnl_today_field_exists" time="0.119" /><testcase classname="backend.tests.test_stats_row_acc30m.TestModeBadge" name="test_go_live_field_exists" time="0.114" /><testcase classname="backend.tests.test_stats_row_acc30m.TestModeBadge" name="test_mode_badge_logic" time="0.122" /><testcase classname="backend.tests.test_stats_row_acc30m.TestSparklineData" name="test_sparkline_field_exists" time="0.159" /><testcase classname="backend.tests.test_stats_row_acc30m.TestSparklineData" name="test_sparkline_data_is_numeric" time="0.102" /><testcase classname="backend.tests.test_stats_row_acc30m.TestBuySellButtons" name="test_running_engines_exist" time="0.115" /><testcase classname="backend.tests.test_stats_row_acc30m.TestBuySellButtons" name="test_non_seeding_engines_exist" time="0.118"><failure message="AssertionError: At least some engines should not be seeding&#10;assert 0 &gt; 0&#10; +  where 0 = len([])">backend/tests/test_stats_row_acc30m.py:222: in test_non_seeding_engines_exist
    assert len(non_seeding) &gt; 0, "At least some engines should not be seeding"
E   AssertionError: At least some engines should not be seeding
E   assert 0 &gt; 0
E    +  where 0 = len([])</failure></testcase><testcase classname="backend.tests.test_stats_row_acc30m.TestBuySellButtons" name="test_buy_sell_eligible_engines" time="0.116"><failure message="AssertionError: At least some engines should be eligible for trading&#10;assert 0 &gt; 0&#10; +  where 0 = len([])">backend/tests/test_stats_row_acc30m.py:232: in test_buy_sell_eligible_engines
    assert len(eligible) &gt; 0, "At least some engines should be eligible for trading"
E   AssertionError: At least some engines should be eligible for trading
E   assert 0 &gt; 0
E    +  where 0 = len([])</failure></testcase><testcase classname="backend.tests.test_stats_row_acc30m.TestManualTrade" name="test_manual_trade_rejects_invalid_side" time="0.238" /><testcase classname="backend.tests.test_stats_row_acc30m.TestManualTrade" name="test_manual_trade_rejects_nonexistent_engine" time="0.112" /><testcase classname="backend.tests.test_stats_row_acc30m.TestManualTrade" name="test_manual_trade_buy_executes" time="0.112"><skipped type="pytest.skip" message="No eligible engines for manual trade test">/app/backend/tests/test_stats_row_acc30m.py:287: No eligible engines for manual trade test</skipped></testcase><testcase classname="backend.tests.test_stats_row_acc30m.TestManualTrade" name="test_manual_trade_sell_executes" time="0.103"><skipped type="pytest.skip" message="No eligible engines for manual SELL trade test">/app/backend/tests/test_stats_row_acc30m.py:318: No eligible engines for manual SELL trade test</skipped></testcase><testcase classname="backend.tests.test_stats_row_acc30m.TestClosedMarketsHidden" name="test_crypto_markets_always_open" time="0.114" /><testcase classname="backend.tests.test_stats_row_acc30m.TestClosedMarketsHidden" name="test_index_markets_closed_weekend" time="0.103"><failure message="AttributeError: 'str' object has no attribute 'get'">backend/tests/test_stats_row_acc30m.py:344: in test_index_markets_closed_weekend
    closed_indices = [m for m in market_hours if not m.get("is_open") and m.get("type") == "market"]
                     ^^^^^^^^^^^^^^^^^^^^^^^^^^^^^^^^^^^^^^^^^^^^^^^^^^^^^^^^^^^^^^^^^^^^^^^^^^^^^^^
backend/tests/test_stats_row_acc30m.py:344: in &lt;listcomp&gt;
    closed_indices = [m for m in market_hours if not m.get("is_open") and m.get("type") == "market"]
                                                     ^^^^^
E   AttributeError: 'str' object has no attribute 'get'</failure></testcase><testcase classname="backend.tests.test_stats_row_acc30m.TestStateLabel" name="test_state_labels_from_regime" time="0.122" /><testcase classname="backend.tests.test_stats_row_acc30m.TestGlobalState" name="test_global_state_fields" time="0.109" /></testsuite></testsuites>