<?xml version="1.0" encoding="utf-8"?><testsuites name="pytest tests"><testsuite name="pytest" errors="0" failures="0" skipped="0" tests="14" time="1.766" timestamp="2026-04-06T23:56:04.607841+00:00" hostname="agent-env-412446c0-49ff-47f2-a1f3-726796dbfb49"><testcase classname="tests.test_gate_overrides_commission.TestGateOverridesAPI" name="test_nudge_accepts_gate_overrides" time="0.248" /><testcase classname="tests.test_gate_overrides_commission.TestGateOverridesAPI" name="test_gate_overrides_persist_in_engine_summary" time="0.243" /><testcase classname="tests.test_gate_overrides_commission.TestGateOverridesAPI" name="test_nudge_with_trade_params_and_gates" time="0.128" /><testcase classname="tests.test_gate_overrides_commission.TestCommissionRates" name="test_crypto_commission_rate" time="0.001" /><testcase classname="tests.test_gate_overrides_commission.TestCommissionRates" name="test_exchange_commission_rate" time="0.000" /><testcase classname="tests.test_gate_overrides_commission.TestCommissionRates" name="test_commission_difference" time="0.000" /><testcase classname="tests.test_gate_overrides_commission.TestLivePromotionWRCutoff" name="test_wr_cutoff_constant_exists" time="0.001" /><testcase classname="tests.test_gate_overrides_commission.TestLivePromotionWRCutoff" name="test_meets_entry_requires_60_percent" time="0.000" /><testcase classname="tests.test_gate_overrides_commission.TestSelfImprovementGateAdaptation" name="test_gate_overrides_structure" time="0.146" /><testcase classname="tests.test_gate_overrides_commission.TestSelfImprovementGateAdaptation" name="test_gates_reflect_overrides" time="0.248" /><testcase classname="tests.test_gate_overrides_commission.TestPauseResetButtons" name="test_pause_engine" time="0.282" /><testcase classname="tests.test_gate_overrides_commission.TestPauseResetButtons" name="test_resume_engine" time="0.123" /><testcase classname="tests.test_gate_overrides_commission.TestPauseResetButtons" name="test_reset_engine" time="0.135" /><testcase classname="tests.test_gate_overrides_commission.TestEngineDetailEndpoint" name="test_engine_detail_includes_gates" time="0.125" /></testsuite></testsuites>