<?xml version="1.0" encoding="utf-8"?><testsuites name="pytest tests"><testsuite name="pytest" errors="0" failures="0" skipped="0" tests="19" time="3.499" timestamp="2026-04-07T09:58:31.944903+00:00" hostname="agent-env-412446c0-49ff-47f2-a1f3-726796dbfb49"><testcase classname="tests.test_trading_engine_features.TestEngineCount" name="test_root_returns_74_engines" time="0.137" /><testcase classname="tests.test_trading_engine_features.TestEngineCount" name="test_engines_summary_returns_74_engines" time="0.177" /><testcase classname="tests.test_trading_engine_features.TestEngineCount" name="test_engine_type_breakdown" time="0.163" /><testcase classname="tests.test_trading_engine_features.TestAutoCompoundingPositionSize" name="test_global_returns_compounded_position_size" time="0.101" /><testcase classname="tests.test_trading_engine_features.TestAutoCompoundingPositionSize" name="test_compounded_position_size_formula" time="0.152" /><testcase classname="tests.test_trading_engine_features.TestAutoCompoundingPositionSize" name="test_position_size_equals_compounded_size" time="0.104" /><testcase classname="tests.test_trading_engine_features.TestToggleTradeEndpoint" name="test_toggle_trade_disable" time="0.150" /><testcase classname="tests.test_trading_engine_features.TestToggleTradeEndpoint" name="test_toggle_trade_enable" time="0.098" /><testcase classname="tests.test_trading_engine_features.TestToggleTradeEndpoint" name="test_toggle_trade_persists_in_summary" time="0.563" /><testcase classname="tests.test_trading_engine_features.TestToggleTradeEndpoint" name="test_toggle_trade_404_for_invalid_engine" time="0.096" /><testcase classname="tests.test_trading_engine_features.TestBotEngineSummary" name="test_bot_engine_has_type_bot" time="0.198" /><testcase classname="tests.test_trading_engine_features.TestBotEngineSummary" name="test_bot_engine_has_mode_scalper" time="0.160" /><testcase classname="tests.test_trading_engine_features.TestBotEngineSummary" name="test_bot_engine_has_trade_enabled_field" time="0.156" /><testcase classname="tests.test_trading_engine_features.TestBotEngineSummary" name="test_bot_engine_has_super_bot_multiplier_field" time="0.180" /><testcase classname="tests.test_trading_engine_features.TestScalperEngines" name="test_scalper_engines_exist" time="0.343" /><testcase classname="tests.test_trading_engine_features.TestScalperEngines" name="test_scalper_engines_have_mode_scalper" time="0.181" /><testcase classname="tests.test_trading_engine_features.TestScalperEngines" name="test_scalper_engines_have_trade_enabled_field" time="0.163" /><testcase classname="tests.test_trading_engine_features.TestAllBotsEngines" name="test_all_bots_count_is_26" time="0.179" /><testcase classname="tests.test_trading_engine_features.TestHealthEndpoint" name="test_health_endpoint" time="0.096" /></testsuite></testsuites>