<?xml version="1.0" encoding="utf-8"?><testsuites name="pytest tests"><testsuite name="pytest" errors="0" failures="0" skipped="0" tests="14" time="12.709" timestamp="2026-04-08T13:42:14.389723+00:00" hostname="agent-env-412446c0-49ff-47f2-a1f3-726796dbfb49"><testcase classname="backend.tests.test_enforcement_features.TestVolumeCompliance" name="test_volume_compliance_endpoint_exists" time="11.030" /><testcase classname="backend.tests.test_enforcement_features.TestVolumeCompliance" name="test_volume_violations_structure" time="0.176" /><testcase classname="backend.tests.test_enforcement_features.TestPDCACompliance" name="test_pdca_outcomes_endpoint" time="0.153" /><testcase classname="backend.tests.test_enforcement_features.TestPDCACompliance" name="test_pdca_cycles_endpoint" time="0.113" /><testcase classname="backend.tests.test_enforcement_features.TestSupervisorFields" name="test_supervisors_have_strikes_field" time="0.102" /><testcase classname="backend.tests.test_enforcement_features.TestDevilFeatures" name="test_devil_status_endpoint" time="0.085" /><testcase classname="backend.tests.test_enforcement_features.TestDevilFeatures" name="test_devil_findings_endpoint" time="0.104" /><testcase classname="backend.tests.test_enforcement_features.TestBibleStats" name="test_bible_stats_endpoint" time="0.168" /><testcase classname="backend.tests.test_enforcement_features.TestEngineSummary" name="test_engines_have_regime_field" time="0.126" /><testcase classname="backend.tests.test_enforcement_features.TestEngineSummary" name="test_sl_freeze_verification" time="0.163" /><testcase classname="backend.tests.test_enforcement_features.TestRegimeEnforcement" name="test_unknown_regime_blocking" time="0.118" /><testcase classname="backend.tests.test_enforcement_features.TestHealthEndpoint" name="test_api_health" time="0.079" /><testcase classname="backend.tests.test_enforcement_features.TestGodStats" name="test_god_stats_endpoint" time="0.094" /><testcase classname="backend.tests.test_enforcement_features.TestScribeFindings" name="test_scribe_findings_endpoint" time="0.083" /></testsuite></testsuites>